<?xml version="1.0" encoding="UTF-8"?>
<!-- Generated by org.testng.reporters.JUnitXMLReporter -->
<testsuite ignored="0" hostname="VENNILA" failures="0" tests="3" name="End to End Framework test" time="52.489" errors="0" timestamp="2025-08-24T20:06:55 IST">
  <testcase classname="test.LoginTest" name="loginTest" time="3.127"/>
  <testcase classname="test.LoginTest" name="addProductToCartBySelect" time="2.396"/>
  <testcase classname="test.LoginTest" name="addProductToCartByDragAndDrop" time="25.44"/>
</testsuite> <!-- End to End Framework test -->
